<?xml version="1.0" encoding="UTF-8" ?>
<testsuite failures="0" time="0" errors="0" skipped="0" tests="0" name="PingClientTest">
  <properties>
    <property name="java.runtime.name" value="Java(TM) SE Runtime Environment"/>
    <property name="sun.boot.library.path" value="C:\Archivos de programa\Java\jdk1.6.0_22\jre\bin"/>
    <property name="java.vm.version" value="17.1-b03"/>
    <property name="java.vm.vendor" value="Sun Microsystems Inc."/>
    <property name="java.vendor.url" value="http://java.sun.com/"/>
    <property name="path.separator" value=";"/>
    <property name="java.vm.name" value="Java HotSpot(TM) Client VM"/>
    <property name="file.encoding.pkg" value="sun.io"/>
    <property name="user.country" value="ES"/>
    <property name="sun.java.launcher" value="SUN_STANDARD"/>
    <property name="sun.os.patch.level" value="Service Pack 3"/>
    <property name="java.vm.specification.name" value="Java Virtual Machine Specification"/>
    <property name="user.dir" value="C:\Documents and Settings\47031141m\workspace\PingServiceClient"/>
    <property name="java.runtime.version" value="1.6.0_22-b04"/>
    <property name="java.awt.graphicsenv" value="sun.awt.Win32GraphicsEnvironment"/>
    <property name="basedir" value="C:\Documents and Settings\47031141m\workspace\PingServiceClient"/>
    <property name="java.endorsed.dirs" value="C:\Archivos de programa\Java\jdk1.6.0_22\jre\lib\endorsed"/>
    <property name="os.arch" value="x86"/>
    <property name="surefire.real.class.path" value="C:\Documents and Settings\47031141m\workspace\PingServiceClient\target\surefire\surefirebooter8896248435425043714.jar"/>
    <property name="java.io.tmpdir" value="C:\DOCUME~1\470311~1\CONFIG~1\Temp\"/>
    <property name="line.separator" value="
"/>
    <property name="java.vm.specification.vendor" value="Sun Microsystems Inc."/>
    <property name="user.variant" value=""/>
    <property name="os.name" value="Windows XP"/>
    <property name="sun.jnu.encoding" value="Cp1252"/>
    <property name="java.library.path" value="C:\Archivos de programa\Java\jdk1.6.0_22\jre\bin;.;C:\WINDOWS\Sun\Java\bin;C:\WINDOWS\system32;C:\WINDOWS;C:\Archivos de programa\Java\jdk1.6.0_22\bin;D:\oracle\product\10.2.0\client_2\bin;D:\oracle\product\10.2.0\client_1\bin;D:\app\47031141M\product\11.1.0\db_1\bin;C:\oracle\product\11.x.x\client_1\bin;D:\DevSuiteHome_2\bin;C:\Archivos de programa\Java\jre6\bin;C:\oracle\product\10.2.0\client_1\bin;C:\oracle\product\11.x.x\client_1;D:\DevSuiteHome_2\jdk\jre\bin\classic;D:\DevSuiteHome_2\jdk\jre\bin;D:\DevSuiteHome_2\jdk\jre\bin\client;D:\DevSuiteHome_2\jlib;D:\DevSuiteHome_2\jre\1.4.2\bin\client;D:\DevSuiteHome_2\jre\1.4.2\bin;C:\oracle\product\10.2.0\client_1\bin;C:\WINDOWS\system32;C:\WINDOWS;C:\WINDOWS\System32\Wbem;C:\Archivos de programa\Intel\DMIX;C:\WINDOWS\system32\WindowsPowerShell\v1.0;C:\Archivos de programa\Java\jdk1.6.0_20\bin;C:\strawberry\c\bin;C:\strawberry\perl\bin;C:\WINDOWS\system32\WindowsPowerShell\v1.0;C:\Archivos de programa\Microsoft SQL Server\100\Tools\Binn\;C:\Archivos de programa\Microsoft SQL Server\100\DTS\Binn\;C:\Archivos de programa\Git\cmd;C:\Documents and Settings\47031141m\Mis documentos\apache-maven-3.0.4\bin"/>
    <property name="surefire.test.class.path" value="C:\Documents and Settings\47031141m\workspace\PingServiceClient\target\test-classes;C:\Documents and Settings\47031141m\workspace\PingServiceClient\target\classes;C:\Documents and Settings\47031141m\Mis documentos\apache-maven-3.0.4\repo\es\gob\catastro\service\client\RmiCoreClient\1.0\RmiCoreClient-1.0.jar;C:\Documents and Settings\47031141m\Mis documentos\apache-maven-3.0.4\repo\oracle\ojdbc\1.0\ojdbc-1.0.jar;C:\Documents and Settings\47031141m\Mis documentos\apache-maven-3.0.4\repo\org\xerial\sqlite-jdbc\3.7.2\sqlite-jdbc-3.7.2.jar;C:\Documents and Settings\47031141m\Mis documentos\apache-maven-3.0.4\repo\es\gob\catastro\service\PingServiceIntf\0.0.1-SNAPSHOT\PingServiceIntf-0.0.1-SNAPSHOT.jar;"/>
    <property name="java.specification.name" value="Java Platform API Specification"/>
    <property name="java.class.version" value="50.0"/>
    <property name="sun.management.compiler" value="HotSpot Client Compiler"/>
    <property name="os.version" value="5.1"/>
    <property name="user.home" value="C:\Documents and Settings\47031141m"/>
    <property name="user.timezone" value=""/>
    <property name="java.awt.printerjob" value="sun.awt.windows.WPrinterJob"/>
    <property name="java.specification.version" value="1.6"/>
    <property name="file.encoding" value="Cp1252"/>
    <property name="user.name" value="47031141M"/>
    <property name="java.class.path" value="C:\Documents and Settings\47031141m\workspace\PingServiceClient\target\test-classes;C:\Documents and Settings\47031141m\workspace\PingServiceClient\target\classes;C:\Documents and Settings\47031141m\Mis documentos\apache-maven-3.0.4\repo\es\gob\catastro\service\client\RmiCoreClient\1.0\RmiCoreClient-1.0.jar;C:\Documents and Settings\47031141m\Mis documentos\apache-maven-3.0.4\repo\oracle\ojdbc\1.0\ojdbc-1.0.jar;C:\Documents and Settings\47031141m\Mis documentos\apache-maven-3.0.4\repo\org\xerial\sqlite-jdbc\3.7.2\sqlite-jdbc-3.7.2.jar;C:\Documents and Settings\47031141m\Mis documentos\apache-maven-3.0.4\repo\es\gob\catastro\service\PingServiceIntf\0.0.1-SNAPSHOT\PingServiceIntf-0.0.1-SNAPSHOT.jar;"/>
    <property name="java.vm.specification.version" value="1.0"/>
    <property name="sun.arch.data.model" value="32"/>
    <property name="java.home" value="C:\Archivos de programa\Java\jdk1.6.0_22\jre"/>
    <property name="java.specification.vendor" value="Sun Microsystems Inc."/>
    <property name="user.language" value="es"/>
    <property name="awt.toolkit" value="sun.awt.windows.WToolkit"/>
    <property name="java.vm.info" value="mixed mode, sharing"/>
    <property name="java.version" value="1.6.0_22"/>
    <property name="java.ext.dirs" value="C:\Archivos de programa\Java\jdk1.6.0_22\jre\lib\ext;C:\WINDOWS\Sun\Java\lib\ext"/>
    <property name="sun.boot.class.path" value="C:\Archivos de programa\Java\jdk1.6.0_22\jre\lib\resources.jar;C:\Archivos de programa\Java\jdk1.6.0_22\jre\lib\rt.jar;C:\Archivos de programa\Java\jdk1.6.0_22\jre\lib\sunrsasign.jar;C:\Archivos de programa\Java\jdk1.6.0_22\jre\lib\jsse.jar;C:\Archivos de programa\Java\jdk1.6.0_22\jre\lib\jce.jar;C:\Archivos de programa\Java\jdk1.6.0_22\jre\lib\charsets.jar;C:\Archivos de programa\Java\jdk1.6.0_22\jre\classes"/>
    <property name="java.vendor" value="Sun Microsystems Inc."/>
    <property name="localRepository" value="C:\Documents and Settings\47031141m\Mis documentos\apache-maven-3.0.4\repo"/>
    <property name="file.separator" value="\"/>
    <property name="java.vendor.url.bug" value="http://java.sun.com/cgi-bin/bugreport.cgi"/>
    <property name="sun.cpu.endian" value="little"/>
    <property name="sun.io.unicode.encoding" value="UnicodeLittle"/>
    <property name="sun.desktop" value="windows"/>
    <property name="sun.cpu.isalist" value="pentium_pro+mmx pentium_pro pentium+mmx pentium i486 i386 i86"/>
  </properties>
</testsuite>